SF:lib/src/validators.dart
DA:5,10
DA:8,2
DA:11,4
DA:12,6
LF:4
LH:4
end_of_record
SF:lib/src/error_behavior.dart
DA:3,2
DA:4,8
DA:5,3
DA:6,2
LF:4
LH:4
end_of_record
SF:lib/src/live_form.dart
DA:5,12
DA:7,4
DA:8,4
DA:11,4
DA:16,4
DA:17,8
DA:19,3
DA:22,1
DA:23,2
DA:26,1
DA:27,1
LF:11
LH:11
end_of_record
SF:lib/src/controls/focusable_form_control.dart
DA:8,8
DA:14,7
DA:16,28
DA:19,1
DA:21,3
DA:24,2
DA:26,6
DA:29,6
DA:31,30
LF:9
LH:9
end_of_record
SF:lib/src/controls/form_control_state.dart
DA:30,9
DA:39,9
DA:41,21
DA:42,14
DA:48,7
DA:50,8
DA:55,4
DA:58,16
DA:61,14
DA:64,9
DA:72,9
DA:73,15
DA:74,6
DA:75,7
DA:76,9
DA:77,9
DA:79,9
DA:83,1
DA:84,2
DA:85,1
DA:86,2
DA:87,2
DA:88,2
DA:89,2
DA:90,2
DA:91,2
DA:93,9
DA:96,36
DA:103,18
DA:107,27
DA:108,21
DA:109,21
DA:110,21
DA:111,12
DA:112,12
DA:113,12
DA:116,1
DA:118,3
DA:119,3
DA:120,3
DA:121,3
DA:122,3
DA:123,2
DA:129,6
DA:143,1
DA:146,1
LF:46
LH:46
end_of_record
SF:lib/src/controls/form_control.dart
DA:15,9
DA:19,9
DA:21,18
DA:22,18
DA:23,13
DA:24,9
DA:40,6
DA:41,6
DA:42,6
DA:43,12
DA:44,12
DA:49,12
DA:59,1
DA:60,2
DA:61,1
DA:62,2
DA:66,1
DA:68,3
DA:71,1
DA:73,2
DA:79,24
DA:82,18
DA:85,3
DA:88,3
DA:91,3
DA:94,9
DA:97,9
DA:100,3
DA:103,3
DA:106,3
DA:108,3
DA:110,4
DA:111,1
DA:114,3
LF:34
LH:34
end_of_record
SF:lib/src/controls/non_focusable_form_control.dart
DA:7,5
DA:13,3
DA:15,12
DA:18,1
DA:20,3
DA:24,1
DA:26,1
DA:29,1
DA:31,1
LF:9
LH:9
end_of_record
SF:lib/src/controls/number_form_control.dart
DA:5,2
DA:11,1
DA:13,2
LF:3
LH:3
end_of_record
SF:lib/src/controls/radio_form_control.dart
DA:5,5
DA:11,1
DA:13,2
LF:3
LH:3
end_of_record
SF:lib/src/controls/selection_form_control.dart
DA:5,2
DA:11,1
DA:13,2
LF:3
LH:3
end_of_record
SF:lib/src/controls/text_form_control.dart
DA:5,6
DA:11,1
DA:13,2
LF:3
LH:3
end_of_record
SF:lib/src/form/form_cubit_state.dart
DA:17,19
DA:24,4
DA:26,6
DA:31,6
DA:32,1
DA:33,6
DA:34,1
DA:38,2
DA:39,4
DA:42,2
DA:43,4
DA:46,6
DA:47,24
DA:52,2
DA:53,2
DA:58,2
DA:59,2
DA:62,2
LF:18
LH:18
end_of_record
SF:lib/src/form/form_cubit.dart
DA:15,12
DA:16,6
DA:28,6
DA:31,3
DA:34,6
DA:37,6
DA:38,12
DA:39,30
DA:40,6
DA:42,18
DA:43,6
DA:44,6
DA:48,3
DA:50,6
DA:51,3
DA:54,6
DA:55,3
DA:58,3
DA:61,30
DA:64,6
DA:66,6
DA:67,3
DA:69,9
DA:70,3
DA:71,3
DA:84,2
DA:87,4
DA:89,2
DA:90,8
DA:95,10
DA:101,1
DA:102,2
DA:103,1
DA:110,4
DA:113,20
DA:114,4
LF:36
LH:36
end_of_record
SF:lib/src/widgets/conditional_form_field.dart
DA:22,1
DA:27,1
DA:29,2
DA:30,4
LF:4
LH:4
end_of_record
SF:lib/src/widgets/form_cubit_provider.dart
DA:33,2
DA:43,2
DA:45,2
DA:46,2
DA:47,2
DA:48,2
DA:49,2
DA:50,2
DA:51,2
DA:52,2
DA:53,2
DA:54,6
DA:55,1
DA:56,2
DA:59,2
DA:60,2
DA:61,2
DA:62,1
DA:63,2
DA:66,2
DA:67,2
DA:68,2
DA:69,1
DA:70,2
DA:74,8
LF:25
LH:25
end_of_record
SF:lib/src/widgets/live_dropdown_button_form_field.dart
DA:39,1
DA:70,6
DA:75,1
DA:77,1
DA:83,1
DA:84,4
DA:86,1
DA:88,1
DA:89,3
DA:92,1
DA:94,1
DA:96,4
DA:97,4
DA:98,4
DA:102,1
DA:104,3
DA:105,2
DA:106,1
DA:109,1
DA:110,5
DA:113,1
DA:115,1
DA:116,2
DA:117,2
DA:118,1
DA:119,1
DA:122,1
DA:123,1
DA:125,4
DA:126,1
DA:127,1
DA:128,2
DA:129,2
DA:130,2
DA:131,2
DA:132,2
DA:133,2
DA:134,2
DA:135,2
DA:136,2
DA:137,2
DA:138,2
DA:139,2
DA:140,2
DA:141,2
DA:142,2
DA:143,2
DA:144,2
DA:145,2
DA:146,2
DA:147,2
DA:148,2
DA:149,2
LF:53
LH:53
end_of_record
SF:lib/src/widgets/live_form_field.dart
DA:79,3
DA:139,3
DA:140,3
DA:148,3
DA:149,12
DA:151,3
DA:153,3
DA:154,9
DA:156,6
DA:159,1
DA:161,1
DA:163,4
DA:164,4
DA:165,4
DA:169,3
DA:171,9
DA:172,6
DA:173,6
DA:174,3
DA:177,3
DA:178,15
DA:181,3
DA:182,6
DA:183,3
DA:184,2
DA:187,3
DA:189,3
DA:190,6
DA:191,6
DA:192,1
DA:193,1
DA:196,3
DA:197,21
DA:198,12
DA:199,12
DA:201,6
DA:202,12
DA:205,3
DA:206,3
DA:207,3
DA:208,18
DA:209,3
DA:210,9
DA:211,7
DA:213,6
DA:214,6
DA:215,6
DA:216,6
DA:217,6
DA:218,6
DA:219,6
DA:220,6
DA:221,6
DA:222,6
DA:223,6
DA:224,6
DA:225,6
DA:226,6
DA:227,6
DA:228,6
DA:229,6
DA:230,6
DA:231,6
DA:232,6
DA:233,6
DA:234,6
DA:235,6
DA:236,6
DA:237,6
DA:238,6
DA:239,6
DA:240,6
DA:241,6
DA:242,6
DA:243,6
DA:244,6
DA:245,6
DA:246,6
DA:247,6
DA:248,6
DA:249,6
DA:250,6
DA:251,6
DA:252,6
DA:253,6
DA:254,6
DA:255,6
DA:256,6
DA:257,6
DA:258,6
DA:259,6
DA:260,6
DA:261,6
LF:93
LH:93
end_of_record
SF:lib/src/widgets/live_number_form_field.dart
DA:8,1
DA:63,1
DA:64,2
DA:65,2
LF:4
LH:4
end_of_record
SF:lib/src/widgets/live_radio_group_form_field.dart
DA:25,1
DA:51,1
DA:57,3
DA:60,1
DA:62,1
DA:63,1
DA:64,2
DA:65,1
DA:66,1
DA:69,1
DA:70,1
DA:72,1
DA:73,1
DA:74,2
DA:75,1
DA:76,1
DA:77,1
DA:78,1
DA:79,1
DA:80,1
DA:81,1
DA:82,1
DA:83,1
DA:84,1
DA:85,1
DA:86,4
DA:87,1
DA:88,1
DA:89,1
DA:90,1
DA:91,1
DA:92,1
DA:93,1
DA:96,3
DA:99,1
LF:35
LH:35
end_of_record
SF:lib/src/widgets/live_text_form_field.dart
DA:5,1
DA:62,2
LF:2
LH:2
end_of_record
