SF:lib/src/validators.dart
DA:4,10
DA:7,1
DA:10,2
DA:11,3
LF:4
LH:4
end_of_record
SF:lib/src/widgets/form_cubit_provider.dart
DA:27,2
DA:37,2
DA:39,2
DA:40,2
DA:41,2
DA:42,2
DA:43,2
DA:44,2
DA:45,2
DA:46,2
DA:47,2
DA:48,6
DA:49,1
DA:50,2
DA:53,2
DA:54,2
DA:55,2
DA:56,1
DA:57,2
DA:60,2
DA:61,2
DA:62,2
DA:63,1
DA:64,2
DA:68,8
LF:25
LH:25
end_of_record
SF:lib/src/forms.dart
DA:11,0
DA:12,0
DA:13,3
DA:14,0
DA:28,9
DA:30,3
DA:31,3
DA:34,3
DA:39,3
DA:40,5
DA:43,0
DA:44,0
DA:47,0
DA:48,0
DA:83,8
DA:92,8
DA:94,18
DA:95,12
DA:101,6
DA:103,8
DA:109,5
DA:121,4
DA:124,16
DA:127,14
DA:130,8
DA:138,8
DA:139,13
DA:140,5
DA:141,6
DA:142,8
DA:143,8
DA:145,8
DA:149,5
DA:150,5
DA:151,5
DA:152,5
DA:153,5
DA:154,5
DA:159,1
DA:160,2
DA:161,1
DA:162,2
DA:163,2
DA:164,2
DA:165,2
DA:166,2
DA:167,2
DA:169,8
DA:172,32
DA:179,16
DA:183,24
DA:184,18
DA:185,18
DA:186,18
DA:187,12
DA:190,1
DA:192,3
DA:193,3
DA:194,3
DA:195,3
DA:196,3
DA:197,2
DA:202,8
DA:203,16
DA:218,5
DA:219,15
DA:222,1
DA:224,2
DA:230,24
DA:233,18
DA:236,3
DA:239,3
DA:242,3
DA:245,9
DA:248,9
DA:251,3
DA:254,3
DA:257,3
DA:265,7
DA:267,6
DA:269,24
DA:272,1
DA:274,3
DA:277,1
DA:279,3
DA:282,5
DA:284,25
DA:292,5
DA:294,3
DA:296,12
DA:299,1
DA:301,3
DA:305,1
DA:307,1
DA:310,1
DA:312,1
DA:318,5
DA:320,1
DA:322,2
DA:328,2
DA:330,1
DA:332,2
DA:338,5
DA:340,1
DA:342,2
DA:348,2
DA:350,1
DA:352,2
DA:370,18
DA:377,4
DA:379,6
DA:384,6
DA:385,1
DA:386,6
DA:387,1
DA:391,2
DA:392,4
DA:395,2
DA:396,4
DA:399,6
DA:400,24
DA:405,2
DA:406,2
DA:411,2
DA:412,2
DA:415,2
DA:425,12
DA:426,6
DA:438,6
DA:441,3
DA:444,6
DA:447,6
DA:448,12
DA:449,30
DA:450,6
DA:452,18
DA:453,24
DA:454,6
DA:458,3
DA:460,6
DA:461,3
DA:464,6
DA:465,3
DA:468,3
DA:472,6
DA:473,6
DA:475,9
DA:476,12
DA:477,3
DA:490,2
DA:493,4
DA:495,2
DA:496,8
DA:501,10
DA:509,4
DA:512,20
DA:513,4
LF:157
LH:150
end_of_record
SF:lib/src/widgets/conditional_form_field.dart
DA:21,1
DA:26,1
DA:28,2
DA:29,4
LF:4
LH:4
end_of_record
SF:lib/src/widgets/live_dropdown_button_form_field.dart
DA:38,1
DA:69,6
DA:74,1
DA:76,1
DA:82,1
DA:83,4
DA:85,1
DA:87,1
DA:88,3
DA:91,1
DA:93,1
DA:95,4
DA:96,4
DA:97,4
DA:101,1
DA:103,3
DA:104,2
DA:105,1
DA:108,1
DA:109,5
DA:112,1
DA:114,1
DA:115,2
DA:116,2
DA:117,1
DA:118,1
DA:121,1
DA:122,1
DA:124,4
DA:125,1
DA:126,1
DA:127,2
DA:128,2
DA:129,2
DA:130,2
DA:131,2
DA:132,2
DA:133,2
DA:134,2
DA:135,2
DA:136,2
DA:137,2
DA:138,2
DA:139,2
DA:140,2
DA:141,2
DA:142,2
DA:143,2
DA:144,2
DA:145,2
DA:146,2
DA:147,2
DA:148,2
LF:53
LH:53
end_of_record
SF:lib/src/widgets/live_form_field.dart
DA:78,3
DA:138,3
DA:139,3
DA:147,3
DA:148,12
DA:150,3
DA:152,3
DA:153,9
DA:155,6
DA:158,1
DA:160,1
DA:162,4
DA:163,4
DA:164,4
DA:168,3
DA:170,9
DA:171,6
DA:172,6
DA:173,3
DA:176,3
DA:177,15
DA:180,3
DA:181,6
DA:182,3
DA:183,2
DA:186,3
DA:188,3
DA:189,6
DA:190,6
DA:191,1
DA:192,1
DA:195,3
DA:196,21
DA:197,12
DA:198,12
DA:200,6
DA:201,12
DA:204,3
DA:205,3
DA:206,3
DA:207,18
DA:208,3
DA:209,9
DA:210,7
DA:212,6
DA:213,6
DA:214,6
DA:215,6
DA:216,6
DA:217,6
DA:218,6
DA:219,6
DA:220,6
DA:221,6
DA:222,6
DA:223,6
DA:224,6
DA:225,6
DA:226,6
DA:227,6
DA:228,6
DA:229,6
DA:230,6
DA:231,6
DA:232,6
DA:233,6
DA:234,6
DA:235,6
DA:236,6
DA:237,6
DA:238,6
DA:239,6
DA:240,6
DA:241,6
DA:242,6
DA:243,6
DA:244,6
DA:245,6
DA:246,6
DA:247,6
DA:248,6
DA:249,6
DA:250,6
DA:251,6
DA:252,6
DA:253,6
DA:254,6
DA:255,6
DA:256,6
DA:257,6
DA:258,6
DA:259,6
DA:260,6
LF:93
LH:93
end_of_record
SF:lib/src/widgets/live_number_form_field.dart
DA:8,1
DA:63,1
DA:64,2
DA:65,2
LF:4
LH:4
end_of_record
SF:lib/src/widgets/live_radio_group_form_field.dart
DA:23,1
DA:49,1
DA:55,3
DA:58,1
DA:60,1
DA:61,1
DA:62,2
DA:63,1
DA:64,1
DA:67,1
DA:68,1
DA:70,1
DA:71,1
DA:72,2
DA:73,1
DA:74,1
DA:75,1
DA:76,1
DA:77,1
DA:78,1
DA:79,1
DA:80,1
DA:81,1
DA:82,1
DA:83,1
DA:84,4
DA:85,1
DA:86,1
DA:87,1
DA:88,1
DA:89,1
DA:90,1
DA:91,1
DA:94,3
DA:97,1
LF:35
LH:35
end_of_record
SF:lib/src/widgets/live_text_form_field.dart
DA:5,1
DA:62,2
LF:2
LH:2
end_of_record
